<?xml version="1.0" encoding="UTF-8"?>
<!-- Generated by org.testng.reporters.JUnitXMLReporter -->
<testsuite hostname="SHREEYA-MALHAR" name="Test" tests="2" failures="1" timestamp="29 Nov 2017 04:42:51 GMT" time="53.995" errors="0">
  <testcase name="feature" time="47.633" classname="CucumberPackage.Cucumber.RunnerClass">
    <failure type="cucumber.runtime.CucumberException" message="java.lang.AssertionError: expected [http://opensource.demo.orangehrmlive.com/index.php/dashboard] but found [http://opensource.demo.orangehrmlive.com/index.php/auth/validateCredentials]">
      <![CDATA[cucumber.runtime.CucumberException: java.lang.AssertionError: expected [http://opensource.demo.orangehrmlive.com/index.php/dashboard] but found [http://opensource.demo.orangehrmlive.com/index.php/auth/validateCredentials]
	at cucumber.api.testng.TestNGCucumberRunner.runCucumber(TestNGCucumberRunner.java:69)
	at cucumber.api.testng.AbstractTestNGCucumberTests.feature(AbstractTestNGCucumberTests.java:21)
Caused by: java.lang.AssertionError: expected [http://opensource.demo.orangehrmlive.com/index.php/dashboard] but found [http://opensource.demo.orangehrmlive.com/index.php/auth/validateCredentials]
	at CucumberPackage.Cucumber.Cucumber.i_should_get_logged_in_by_clicking_on_the_Login_button(Cucumber.java:48)
	at âœ½.Then I should get logged in by clicking on the Login button(Selenium.feature:9)
... Removed 33 stack frames]]>
    </failure>
  </testcase> <!-- feature -->
  <testcase name="f" time="0.0" classname="CucumberPackage.Cucumber.RunnerClass"/>
</testsuite> <!-- Test -->
