<?xml version="1.0" encoding="UTF-8"?>
<testsuite xmlns:xsi="http://www.w3.org/2001/XMLSchema-instance" xsi:schemaLocation="https://maven.apache.org/surefire/maven-surefire-plugin/xsd/surefire-test-report.xsd" name="TestSuite" time="57.253" tests="2" errors="0" skipped="0" failures="1">
  <properties>
    <property name="java.runtime.name" value="Java(TM) SE Runtime Environment"/>
    <property name="sun.boot.library.path" value="C:\Program Files\Java\jdk1.8.0_144\jre\bin"/>
    <property name="java.vm.version" value="25.144-b01"/>
    <property name="java.vm.vendor" value="Oracle Corporation"/>
    <property name="maven.multiModuleProjectDirectory" value="D:\Selenium\Selenium Workspace\Cucumber"/>
    <property name="java.vendor.url" value="http://java.oracle.com/"/>
    <property name="path.separator" value=";"/>
    <property name="guice.disable.misplaced.annotation.check" value="true"/>
    <property name="java.vm.name" value="Java HotSpot(TM) Client VM"/>
    <property name="file.encoding.pkg" value="sun.io"/>
    <property name="user.script" value=""/>
    <property name="user.country" value="US"/>
    <property name="sun.java.launcher" value="SUN_STANDARD"/>
    <property name="sun.os.patch.level" value=""/>
    <property name="java.vm.specification.name" value="Java Virtual Machine Specification"/>
    <property name="user.dir" value="D:\Selenium\Selenium Workspace\Cucumber"/>
    <property name="java.runtime.version" value="1.8.0_144-b01"/>
    <property name="java.awt.graphicsenv" value="sun.awt.Win32GraphicsEnvironment"/>
    <property name="java.endorsed.dirs" value="C:\Program Files\Java\jdk1.8.0_144\jre\lib\endorsed"/>
    <property name="os.arch" value="x86"/>
    <property name="java.io.tmpdir" value="C:\Users\MALHAR~1\AppData\Local\Temp\"/>
    <property name="line.separator" value="&#10;"/>
    <property name="java.vm.specification.vendor" value="Oracle Corporation"/>
    <property name="user.variant" value=""/>
    <property name="os.name" value="Windows 8.1"/>
    <property name="classworlds.conf" value="D:\Selenium\Selenium Workspace\.metadata\.plugins\org.eclipse.m2e.launching\launches\m2conf9139632517749402998.tmp"/>
    <property name="sun.jnu.encoding" value="Cp1252"/>
    <property name="java.library.path" value="C:\Program Files\Java\jdk1.8.0_144\bin;C:\Windows\Sun\Java\bin;C:\Windows\system32;C:\Windows;C:/Program Files/Java/jdk1.8.0_144/bin/../jre/bin/client;C:/Program Files/Java/jdk1.8.0_144/bin/../jre/bin;C:/Program Files/Java/jdk1.8.0_144/bin/../jre/lib/i386;C:\Program Files\Java\jdk1.8.0_144\bin;C:\ProgramData\Oracle\Java\javapath;C:\Windows\system32;C:\Windows;C:\Windows\System32\Wbem;C:\Windows\System32\WindowsPowerShell\v1.0\;C:\Program Files\Skype\Phone\;C:\Program Files\Git\cmd;G:\Android\android-sdk-windows\platform-tools;G:\Android\android-sdk-windows\tools;D:\Selenium\New Setup\eclipse-jee-neon-3-win32\eclipse;;."/>
    <property name="java.specification.name" value="Java Platform API Specification"/>
    <property name="java.class.version" value="52.0"/>
    <property name="sun.management.compiler" value="HotSpot Client Compiler"/>
    <property name="os.version" value="6.3"/>
    <property name="user.home" value="C:\Users\MALHAR-SHREEYA"/>
    <property name="user.timezone" value="Asia/Calcutta"/>
    <property name="java.awt.printerjob" value="sun.awt.windows.WPrinterJob"/>
    <property name="java.specification.version" value="1.8"/>
    <property name="file.encoding" value="Cp1252"/>
    <property name="user.name" value="MALHAR-SHREEYA"/>
    <property name="java.class.path" value="/D:/Selenium/New Setup/eclipse-jee-neon-3-win32/eclipse/plugins/org.eclipse.m2e.maven.runtime_1.6.1.20150625-2337/jars/plexus-classworlds-2.5.2.jar"/>
    <property name="java.vm.specification.version" value="1.8"/>
    <property name="sun.arch.data.model" value="32"/>
    <property name="java.home" value="C:\Program Files\Java\jdk1.8.0_144\jre"/>
    <property name="sun.java.command" value="org.codehaus.plexus.classworlds.launcher.Launcher -B test"/>
    <property name="java.specification.vendor" value="Oracle Corporation"/>
    <property name="user.language" value="en"/>
    <property name="awt.toolkit" value="sun.awt.windows.WToolkit"/>
    <property name="java.vm.info" value="mixed mode, sharing"/>
    <property name="java.version" value="1.8.0_144"/>
    <property name="java.ext.dirs" value="C:\Program Files\Java\jdk1.8.0_144\jre\lib\ext;C:\Windows\Sun\Java\lib\ext"/>
    <property name="sun.boot.class.path" value="C:\Program Files\Java\jdk1.8.0_144\jre\lib\resources.jar;C:\Program Files\Java\jdk1.8.0_144\jre\lib\rt.jar;C:\Program Files\Java\jdk1.8.0_144\jre\lib\sunrsasign.jar;C:\Program Files\Java\jdk1.8.0_144\jre\lib\jsse.jar;C:\Program Files\Java\jdk1.8.0_144\jre\lib\jce.jar;C:\Program Files\Java\jdk1.8.0_144\jre\lib\charsets.jar;C:\Program Files\Java\jdk1.8.0_144\jre\lib\jfr.jar;C:\Program Files\Java\jdk1.8.0_144\jre\classes"/>
    <property name="java.vendor" value="Oracle Corporation"/>
    <property name="maven.home" value="D:\Selenium\Selenium Workspace\Cucumber\EMBEDDED"/>
    <property name="file.separator" value="\"/>
    <property name="java.vendor.url.bug" value="http://bugreport.sun.com/bugreport/"/>
    <property name="sun.cpu.endian" value="little"/>
    <property name="sun.io.unicode.encoding" value="UnicodeLittle"/>
    <property name="sun.desktop" value="windows"/>
    <property name="sun.cpu.isalist" value="pentium_pro+mmx pentium_pro pentium+mmx pentium i486 i386 i86"/>
  </properties>
  <testcase name="feature" classname="CucumberPackage.Cucumber.RunnerClass" time="47.706">
    <failure message="java.lang.AssertionError: expected [http://opensource.demo.orangehrmlive.com/index.php/dashboard] but found [http://opensource.demo.orangehrmlive.com/index.php/auth/validateCredentials]" type="cucumber.runtime.CucumberException">cucumber.runtime.CucumberException: java.lang.AssertionError: expected [http://opensource.demo.orangehrmlive.com/index.php/dashboard] but found [http://opensource.demo.orangehrmlive.com/index.php/auth/validateCredentials]
Caused by: java.lang.AssertionError: expected [http://opensource.demo.orangehrmlive.com/index.php/dashboard] but found [http://opensource.demo.orangehrmlive.com/index.php/auth/validateCredentials]
</failure>
    <system-out><![CDATA[[TestNGContentHandler] [WARN] It is strongly recommended to add "<!DOCTYPE suite SYSTEM "http://testng.org/testng-1.0.dtd" >" at the top of your file, otherwise TestNG may fail or not work as expected.
@smoke
Feature: Title of your feature
  I want to use this template for my feature file

  @LoginCase1
  Scenario Outline: Login Scenario                              &amp#27;[90m# Selenium.feature:6&amp#27;[0m
    &amp#27;[36mGiven &amp#27;[0m&amp#27;[36mI have an Application&amp#27;[0m
    &amp#27;[36mWhen &amp#27;[0m&amp#27;[36mI have given my credentials <Username> and <Password>&amp#27;[0m
    &amp#27;[36mThen &amp#27;[0m&amp#27;[36mI should get logged in by clicking on the Login button&amp#27;[0m

    Examples: 

  @smoke @LoginCase1
  Scenario Outline: Login Scenario                              &amp#27;[90m# Selenium.feature:15&amp#27;[0m
    &amp#27;[32mGiven &amp#27;[0m&amp#27;[32mI have an Application&amp#27;[0m                                 &amp#27;[90m# Cucumber.i_have_an_Application()&amp#27;[0m
    &amp#27;[32mWhen &amp#27;[0m&amp#27;[32mI have given my credentials &amp#27;[0m&amp#27;[32m&amp#27;[1madmin&amp#27;[0m&amp#27;[32m and &amp#27;[0m&amp#27;[32m&amp#27;[1madmin&amp#27;[0m            &amp#27;[90m# Cucumber.i_have_given_my_credentials(String,String)&amp#27;[0m
    &amp#27;[32mThen &amp#27;[0m&amp#27;[32mI should get logged in by clicking on the Login button&amp#27;[0m &amp#27;[90m# Cucumber.i_should_get_logged_in_by_clicking_on_the_Login_button()&amp#27;[0m

  @smoke @LoginCase1
  Scenario Outline: Login Scenario                              &amp#27;[90m# Selenium.feature:16&amp#27;[0m
    &amp#27;[32mGiven &amp#27;[0m&amp#27;[32mI have an Application&amp#27;[0m                                 &amp#27;[90m# Cucumber.i_have_an_Application()&amp#27;[0m
    &amp#27;[32mWhen &amp#27;[0m&amp#27;[32mI have given my credentials &amp#27;[0m&amp#27;[32m&amp#27;[1mnikhil&amp#27;[0m&amp#27;[32m and &amp#27;[0m&amp#27;[32m&amp#27;[1mnikhil&amp#27;[0m          &amp#27;[90m# Cucumber.i_have_given_my_credentials(String,String)&amp#27;[0m
    &amp#27;[31mThen &amp#27;[0m&amp#27;[31mI should get logged in by clicking on the Login button&amp#27;[0m &amp#27;[90m# Cucumber.i_should_get_logged_in_by_clicking_on_the_Login_button()&amp#27;[0m
      &amp#27;[31mjava.lang.AssertionError: expected [http://opensource.demo.orangehrmlive.com/index.php/dashboard] but found [http://opensource.demo.orangehrmlive.com/index.php/auth/validateCredentials]
      	at org.testng.Assert.fail(Assert.java:94)
      	at org.testng.Assert.failNotEquals(Assert.java:513)
      	at org.testng.Assert.assertEqualsImpl(Assert.java:135)
      	at org.testng.Assert.assertEquals(Assert.java:116)
      	at org.testng.Assert.assertEquals(Assert.java:190)
      	at org.testng.Assert.assertEquals(Assert.java:200)
      	at CucumberPackage.Cucumber.Cucumber.i_should_get_logged_in_by_clicking_on_the_Login_button(Cucumber.java:48)
      	at ?.Then I should get logged in by clicking on the Login button(Selenium.feature:9)
      &amp#27;[0m

  @LoginCase2
  Scenario: Login Scenario          &amp#27;[90m# Selenium.feature:19&amp#27;[0m
    &amp#27;[32mGiven &amp#27;[0m&amp#27;[32mopening Application&amp#27;[0m       &amp#27;[90m# Cucumber_Case1.i_have_an_Application()&amp#27;[0m
    &amp#27;[31mWhen &amp#27;[0m&amp#27;[31mI have given only Username&amp#27;[0m &amp#27;[90m# Cucumber_Case1.i_have_given_only_Username()&amp#27;[0m
      &amp#27;[31morg.openqa.selenium.InvalidElementStateException: invalid element state: Element must be user-editable in order to clear it.
        (Session info: chrome=62.0.3202.94)
        (Driver info: chromedriver=2.31.488763 (092de99f48a300323ecf8c2a4e2e7cab51de5ba8),platform=Windows NT 6.3.9600 x86) (WARNING: The server did not provide any stacktrace information)
      Command duration or timeout: 0 milliseconds
      Build info: version: '3.6.0', revision: '6fbf3ec767', time: '2017-09-27T15:28:36.4Z'
      System info: host: 'SHREEYA-MALHAR', ip: '192.168.0.8', os.name: 'Windows 8.1', os.arch: 'x86', os.version: '6.3', java.version: '1.8.0_144'
      Driver info: org.openqa.selenium.chrome.ChromeDriver
      Capabilities [{mobileEmulationEnabled=false, hasTouchScreen=false, platform=XP, acceptSslCerts=true, webStorageEnabled=true, browserName=chrome, takesScreenshot=true, javascriptEnabled=true, platformName=XP, setWindowRect=true, unexpectedAlertBehaviour=, applicationCacheEnabled=false, rotatable=false, networkConnectionEnabled=false, chrome={chromedriverVersion=2.31.488763 (092de99f48a300323ecf8c2a4e2e7cab51de5ba8), userDataDir=C:\Users\MALHAR~1\AppData\Local\Temp\scoped_dir3184_1314}, takesHeapSnapshot=true, pageLoadStrategy=normal, unhandledPromptBehavior=, databaseEnabled=false, handlesAlerts=true, version=62.0.3202.94, browserConnectionEnabled=false, nativeEvents=true, locationContextEnabled=true, cssSelectorsEnabled=true}]
      Session ID: 2628a98cfde8fef5ae000cc330a2022c
      	at sun.reflect.NativeConstructorAccessorImpl.newInstance0(Native Method)
      	at sun.reflect.NativeConstructorAccessorImpl.newInstance(NativeConstructorAccessorImpl.java:62)
      	at sun.reflect.DelegatingConstructorAccessorImpl.newInstance(DelegatingConstructorAccessorImpl.java:45)
      	at java.lang.reflect.Constructor.newInstance(Constructor.java:423)
      	at org.openqa.selenium.remote.ErrorHandler.createThrowable(ErrorHandler.java:214)
      	at org.openqa.selenium.remote.ErrorHandler.throwIfResponseFailed(ErrorHandler.java:166)
      	at org.openqa.selenium.remote.http.JsonHttpResponseCodec.reconstructValue(JsonHttpResponseCodec.java:40)
      	at org.openqa.selenium.remote.http.AbstractHttpResponseCodec.decode(AbstractHttpResponseCodec.java:82)
      	at org.openqa.selenium.remote.http.AbstractHttpResponseCodec.decode(AbstractHttpResponseCodec.java:45)
      	at org.openqa.selenium.remote.HttpCommandExecutor.execute(HttpCommandExecutor.java:164)
      	at org.openqa.selenium.remote.service.DriverCommandExecutor.execute(DriverCommandExecutor.java:83)
      	at org.openqa.selenium.remote.RemoteWebDriver.execute(RemoteWebDriver.java:586)
      	at org.openqa.selenium.remote.RemoteWebElement.execute(RemoteWebElement.java:279)
      	at org.openqa.selenium.remote.RemoteWebElement.clear(RemoteWebElement.java:118)
      	at CucumberPackage.Cucumber.Cucumber_Case1.i_have_given_only_Username(Cucumber_Case1.java:38)
      	at ?.When I have given only Username(Selenium.feature:21)
      &amp#27;[0m
    &amp#27;[36mThen &amp#27;[0m&amp#27;[36mClick on the Login button&amp#27;[0m  &amp#27;[90m# Cucumber_Case1.click_on_the_Login_button()&amp#27;[0m

  @LoginCase3
  Scenario: Login Scenario          &amp#27;[90m# Selenium.feature:26&amp#27;[0m
    &amp#27;[33mGiven &amp#27;[0m&amp#27;[33mOpening Application&amp#27;[0m
    &amp#27;[33mWhen &amp#27;[0m&amp#27;[33mI have given only Password&amp#27;[0m
    &amp#27;[33mThen &amp#27;[0m&amp#27;[33mClick on the Login_button&amp#27;[0m
]]></system-out>
    <system-err><![CDATA[Starting ChromeDriver 2.31.488763 (092de99f48a300323ecf8c2a4e2e7cab51de5ba8) on port 18750
Only local connections are allowed.
Nov 29, 2017 10:12:14 AM org.openqa.selenium.remote.ProtocolHandshake createSession
INFO: Detected dialect: OSS
Starting ChromeDriver 2.31.488763 (092de99f48a300323ecf8c2a4e2e7cab51de5ba8) on port 8464
Only local connections are allowed.
Nov 29, 2017 10:12:26 AM org.openqa.selenium.remote.ProtocolHandshake createSession
INFO: Detected dialect: OSS
Starting ChromeDriver 2.31.488763 (092de99f48a300323ecf8c2a4e2e7cab51de5ba8) on port 36877
Only local connections are allowed.
Nov 29, 2017 10:12:36 AM org.openqa.selenium.remote.ProtocolHandshake createSession
INFO: Detected dialect: OSS
]]></system-err>
  </testcase>
  <testcase name="f" classname="CucumberPackage.Cucumber.RunnerClass" time="0"/>
</testsuite>